<?xml version="1.0" encoding="UTF-8"?><testrun name="GenericCollectionsTest" project="1410_GenericCollections" tests="16" started="16" failures="1" errors="0" ignored="0">
  <testsuite name="GenericCollectionsTest" time="0.277" uniqueid="[engine:junit-jupiter]/[class:GenericCollectionsTest]">
    <testcase name="modify_CountsUniqueNumbers" classname="GenericCollectionsTest" time="0.074" displayname="modify_CountsUniqueNumbers()" uniqueid="[engine:junit-jupiter]/[class:GenericCollectionsTest]/[method:modify_CountsUniqueNumbers()]"/>
    <testcase name="modify_MultiplesOf3AreRemoved" classname="GenericCollectionsTest" time="0.004" displayname="modify_MultiplesOf3AreRemoved()" uniqueid="[engine:junit-jupiter]/[class:GenericCollectionsTest]/[method:modify_MultiplesOf3AreRemoved()]"/>
    <testcase name="lettersAndNumbers_IsListEmpty" classname="GenericCollectionsTest" time="0.003" displayname="lettersAndNumbers_IsListEmpty()" uniqueid="[engine:junit-jupiter]/[class:GenericCollectionsTest]/[method:lettersAndNumbers_IsListEmpty()]"/>
    <testcase name="lettersAndNumbers_IsListNull" classname="GenericCollectionsTest" time="0.012" displayname="lettersAndNumbers_IsListNull()" uniqueid="[engine:junit-jupiter]/[class:GenericCollectionsTest]/[method:lettersAndNumbers_IsListNull()]"/>
    <testcase name="lettersAndNumbers_AcceptsMixedUpperLowerAndNumbers" classname="GenericCollectionsTest" time="0.027" displayname="lettersAndNumbers_AcceptsMixedUpperLowerAndNumbers()" uniqueid="[engine:junit-jupiter]/[class:GenericCollectionsTest]/[method:lettersAndNumbers_AcceptsMixedUpperLowerAndNumbers()]"/>
    <testcase name="lettersAndNumbers_DoesNotAcceptCharactersThatAreNotNumbersOrLetters" classname="GenericCollectionsTest" time="0.013" displayname="lettersAndNumbers_DoesNotAcceptCharactersThatAreNotNumbersOrLetters()" uniqueid="[engine:junit-jupiter]/[class:GenericCollectionsTest]/[method:lettersAndNumbers_DoesNotAcceptCharactersThatAreNotNumbersOrLetters()]"/>
    <testcase name="modify_RemovesNegativeMultiplesOf3" classname="GenericCollectionsTest" time="0.004" displayname="modify_RemovesNegativeMultiplesOf3()" uniqueid="[engine:junit-jupiter]/[class:GenericCollectionsTest]/[method:modify_RemovesNegativeMultiplesOf3()]"/>
    <testcase name="lettersAndNumbers_NumbersAreFormatted" classname="GenericCollectionsTest" time="0.007" displayname="lettersAndNumbers_NumbersAreFormatted()" uniqueid="[engine:junit-jupiter]/[class:GenericCollectionsTest]/[method:lettersAndNumbers_NumbersAreFormatted()]"/>
    <testcase name="modify_IncludesNull" classname="GenericCollectionsTest" time="0.055" displayname="modify_IncludesNull()" uniqueid="[engine:junit-jupiter]/[class:GenericCollectionsTest]/[method:modify_IncludesNull()]"/>
    <testcase name="lettersAndNumbers_UppercaseLettersAreFormatted" classname="GenericCollectionsTest" time="0.003" displayname="lettersAndNumbers_UppercaseLettersAreFormatted()" uniqueid="[engine:junit-jupiter]/[class:GenericCollectionsTest]/[method:lettersAndNumbers_UppercaseLettersAreFormatted()]"/>
    <testcase name="modify_ListIsInAcendingOrder" classname="GenericCollectionsTest" time="0.029" displayname="modify_ListIsInAcendingOrder()" uniqueid="[engine:junit-jupiter]/[class:GenericCollectionsTest]/[method:modify_ListIsInAcendingOrder()]">
      <failure>java.lang.AssertionError: expected:&lt;[1, 2, 4, 4, 5, 5, 6, 7, 8, 10, 12, 12, 15, 16, 18, 20, 20, 24, 25, 30]&gt; but was:&lt;[1, 2, 4, 5, 7, 4, 8, 16, 20, 5, 10, 20, 25]&gt;
	at org.junit.Assert.fail(Assert.java:88)
	at org.junit.Assert.failNotEquals(Assert.java:834)
	at org.junit.Assert.assertEquals(Assert.java:118)
	at org.junit.Assert.assertEquals(Assert.java:144)
	at GenericCollectionsTest.modify_ListIsInAcendingOrder(GenericCollectionsTest.java:132)
	at sun.reflect.NativeMethodAccessorImpl.invoke0(Native Method)
	at sun.reflect.NativeMethodAccessorImpl.invoke(NativeMethodAccessorImpl.java:62)
	at sun.reflect.DelegatingMethodAccessorImpl.invoke(DelegatingMethodAccessorImpl.java:43)
	at java.lang.reflect.Method.invoke(Method.java:498)
	at org.junit.platform.commons.util.ReflectionUtils.invokeMethod(ReflectionUtils.java:675)
	at org.junit.jupiter.engine.execution.MethodInvocation.proceed(MethodInvocation.java:60)
	at org.junit.jupiter.engine.execution.InvocationInterceptorChain$ValidatingInvocation.proceed(InvocationInterceptorChain.java:125)
	at org.junit.jupiter.engine.extension.TimeoutExtension.intercept(TimeoutExtension.java:132)
	at org.junit.jupiter.engine.extension.TimeoutExtension.interceptTestableMethod(TimeoutExtension.java:124)
	at org.junit.jupiter.engine.extension.TimeoutExtension.interceptTestMethod(TimeoutExtension.java:74)
	at org.junit.jupiter.engine.execution.ExecutableInvoker$ReflectiveInterceptorCall.lambda$ofVoidMethod$0(ExecutableInvoker.java:115)
	at org.junit.jupiter.engine.execution.ExecutableInvoker.lambda$invoke$0(ExecutableInvoker.java:105)
	at org.junit.jupiter.engine.execution.InvocationInterceptorChain$InterceptedInvocation.proceed(InvocationInterceptorChain.java:104)
	at org.junit.jupiter.engine.execution.InvocationInterceptorChain.proceed(InvocationInterceptorChain.java:62)
	at org.junit.jupiter.engine.execution.InvocationInterceptorChain.chainAndInvoke(InvocationInterceptorChain.java:43)
	at org.junit.jupiter.engine.execution.InvocationInterceptorChain.invoke(InvocationInterceptorChain.java:35)
	at org.junit.jupiter.engine.execution.ExecutableInvoker.invoke(ExecutableInvoker.java:104)
	at org.junit.jupiter.engine.execution.ExecutableInvoker.invoke(ExecutableInvoker.java:98)
	at org.junit.jupiter.engine.descriptor.TestMethodTestDescriptor.lambda$invokeTestMethod$6(TestMethodTestDescriptor.java:202)
	at org.junit.platform.engine.support.hierarchical.ThrowableCollector.execute(ThrowableCollector.java:73)
	at org.junit.jupiter.engine.descriptor.TestMethodTestDescriptor.invokeTestMethod(TestMethodTestDescriptor.java:198)
	at org.junit.jupiter.engine.descriptor.TestMethodTestDescriptor.execute(TestMethodTestDescriptor.java:135)
	at org.junit.jupiter.engine.descriptor.TestMethodTestDescriptor.execute(TestMethodTestDescriptor.java:69)
	at org.junit.platform.engine.support.hierarchical.NodeTestTask.lambda$executeRecursively$5(NodeTestTask.java:135)
	at org.junit.platform.engine.support.hierarchical.ThrowableCollector.execute(ThrowableCollector.java:73)
	at org.junit.platform.engine.support.hierarchical.NodeTestTask.lambda$executeRecursively$7(NodeTestTask.java:125)
	at org.junit.platform.engine.support.hierarchical.Node.around(Node.java:135)
	at org.junit.platform.engine.support.hierarchical.NodeTestTask.lambda$executeRecursively$8(NodeTestTask.java:123)
	at org.junit.platform.engine.support.hierarchical.ThrowableCollector.execute(ThrowableCollector.java:73)
	at org.junit.platform.engine.support.hierarchical.NodeTestTask.executeRecursively(NodeTestTask.java:122)
	at org.junit.platform.engine.support.hierarchical.NodeTestTask.execute(NodeTestTask.java:80)
	at java.util.ArrayList.forEach(ArrayList.java:1257)
	at org.junit.platform.engine.support.hierarchical.SameThreadHierarchicalTestExecutorService.invokeAll(SameThreadHierarchicalTestExecutorService.java:38)
	at org.junit.platform.engine.support.hierarchical.NodeTestTask.lambda$executeRecursively$5(NodeTestTask.java:139)
	at org.junit.platform.engine.support.hierarchical.ThrowableCollector.execute(ThrowableCollector.java:73)
	at org.junit.platform.engine.support.hierarchical.NodeTestTask.lambda$executeRecursively$7(NodeTestTask.java:125)
	at org.junit.platform.engine.support.hierarchical.Node.around(Node.java:135)
	at org.junit.platform.engine.support.hierarchical.NodeTestTask.lambda$executeRecursively$8(NodeTestTask.java:123)
	at org.junit.platform.engine.support.hierarchical.ThrowableCollector.execute(ThrowableCollector.java:73)
	at org.junit.platform.engine.support.hierarchical.NodeTestTask.executeRecursively(NodeTestTask.java:122)
	at org.junit.platform.engine.support.hierarchical.NodeTestTask.execute(NodeTestTask.java:80)
	at java.util.ArrayList.forEach(ArrayList.java:1257)
	at org.junit.platform.engine.support.hierarchical.SameThreadHierarchicalTestExecutorService.invokeAll(SameThreadHierarchicalTestExecutorService.java:38)
	at org.junit.platform.engine.support.hierarchical.NodeTestTask.lambda$executeRecursively$5(NodeTestTask.java:139)
	at org.junit.platform.engine.support.hierarchical.ThrowableCollector.execute(ThrowableCollector.java:73)
	at org.junit.platform.engine.support.hierarchical.NodeTestTask.lambda$executeRecursively$7(NodeTestTask.java:125)
	at org.junit.platform.engine.support.hierarchical.Node.around(Node.java:135)
	at org.junit.platform.engine.support.hierarchical.NodeTestTask.lambda$executeRecursively$8(NodeTestTask.java:123)
	at org.junit.platform.engine.support.hierarchical.ThrowableCollector.execute(ThrowableCollector.java:73)
	at org.junit.platform.engine.support.hierarchical.NodeTestTask.executeRecursively(NodeTestTask.java:122)
	at org.junit.platform.engine.support.hierarchical.NodeTestTask.execute(NodeTestTask.java:80)
	at org.junit.platform.engine.support.hierarchical.SameThreadHierarchicalTestExecutorService.submit(SameThreadHierarchicalTestExecutorService.java:32)
	at org.junit.platform.engine.support.hierarchical.HierarchicalTestExecutor.execute(HierarchicalTestExecutor.java:57)
	at org.junit.platform.engine.support.hierarchical.HierarchicalTestEngine.execute(HierarchicalTestEngine.java:51)
	at org.junit.platform.launcher.core.DefaultLauncher.execute(DefaultLauncher.java:229)
	at org.junit.platform.launcher.core.DefaultLauncher.lambda$execute$6(DefaultLauncher.java:197)
	at org.junit.platform.launcher.core.DefaultLauncher.withInterceptedStreams(DefaultLauncher.java:211)
	at org.junit.platform.launcher.core.DefaultLauncher.execute(DefaultLauncher.java:191)
	at org.junit.platform.launcher.core.DefaultLauncher.execute(DefaultLauncher.java:137)
	at org.eclipse.jdt.internal.junit5.runner.JUnit5TestReference.run(JUnit5TestReference.java:89)
	at org.eclipse.jdt.internal.junit.runner.TestExecution.run(TestExecution.java:41)
	at org.eclipse.jdt.internal.junit.runner.RemoteTestRunner.runTests(RemoteTestRunner.java:542)
	at org.eclipse.jdt.internal.junit.runner.RemoteTestRunner.runTests(RemoteTestRunner.java:770)
	at org.eclipse.jdt.internal.junit.runner.RemoteTestRunner.run(RemoteTestRunner.java:464)
	at org.eclipse.jdt.internal.junit.runner.RemoteTestRunner.main(RemoteTestRunner.java:210)

</failure>
    </testcase>
    <testcase name="lettersAndNumbers_ListIsInReverseOrder" classname="GenericCollectionsTest" time="0.005" displayname="lettersAndNumbers_ListIsInReverseOrder()" uniqueid="[engine:junit-jupiter]/[class:GenericCollectionsTest]/[method:lettersAndNumbers_ListIsInReverseOrder()]"/>
    <testcase name="modify_ListIsInAcendingOrderCount" classname="GenericCollectionsTest" time="0.006" displayname="modify_ListIsInAcendingOrderCount()" uniqueid="[engine:junit-jupiter]/[class:GenericCollectionsTest]/[method:modify_ListIsInAcendingOrderCount()]"/>
    <testcase name="lettersAndNumbers_LowercaseLettersAreFormatted" classname="GenericCollectionsTest" time="0.003" displayname="lettersAndNumbers_LowercaseLettersAreFormatted()" uniqueid="[engine:junit-jupiter]/[class:GenericCollectionsTest]/[method:lettersAndNumbers_LowercaseLettersAreFormatted()]"/>
    <testcase name="modify_StartingWithAnEmptyListReturnsDefaultValues" classname="GenericCollectionsTest" time="0.006" displayname="modify_StartingWithAnEmptyListReturnsDefaultValues()" uniqueid="[engine:junit-jupiter]/[class:GenericCollectionsTest]/[method:modify_StartingWithAnEmptyListReturnsDefaultValues()]"/>
    <testcase name="modify_ThrowsNullPointerException" classname="GenericCollectionsTest" time="0.025" displayname="modify_ThrowsNullPointerException()" uniqueid="[engine:junit-jupiter]/[class:GenericCollectionsTest]/[method:modify_ThrowsNullPointerException()]"/>
  </testsuite>
</testrun>
